============================= test session starts =============================
platform win32 -- Python 3.14.2, pytest-9.0.2, pluggy-1.6.0 -- X:\Data\mega\familia.arroyo.rivera@outlook.com\Family\habitos-familiares\.venv\Scripts\python.exe
cachedir: .pytest_cache
rootdir: X:\Data\mega\familia.arroyo.rivera@outlook.com\Family\habitos-familiares
configfile: pyproject.toml
plugins: anyio-4.12.1
collecting ... collected 6 items

backend/tests/test_functional.py::test_public_health ERROR               [ 16%]
backend/tests/test_functional.py::test_login_flow ERROR                  [ 33%]
backend/tests/test_functional.py::test_fetch_profiles ERROR              [ 50%]
backend/tests/test_unit.py::test_pin_hashing PASSED                      [ 66%]
backend/tests/test_unit.py::test_verify_pin_admin PASSED                 [ 83%]
backend/tests/test_unit.py::test_create_and_get_profile PASSED           [100%]

=================================== ERRORS ====================================
____________________ ERROR at setup of test_public_health _____________________

self = <sqlalchemy.engine.base.Connection object at 0x0000028C95887750>
dialect = <sqlalchemy.dialects.sqlite.pysqlite.SQLiteDialect_pysqlite object at 0x0000028C953C5BD0>
context = <sqlalchemy.dialects.sqlite.base.SQLiteExecutionContext object at 0x0000028C95AD0650>
statement = <sqlalchemy.dialects.sqlite.base.SQLiteCompiler object at 0x0000028C959FFCB0>
parameters = [(1, 1, 0)]

    def _exec_single_context(
        self,
        dialect: Dialect,
        context: ExecutionContext,
        statement: Union[str, Compiled],
        parameters: Optional[_AnyMultiExecuteParams],
    ) -> CursorResult[Any]:
        """continue the _execute_context() method for a single DBAPI
        cursor.execute() or cursor.executemany() call.
    
        """
        if dialect.bind_typing is BindTyping.SETINPUTSIZES:
            generic_setinputsizes = context._prepare_set_input_sizes()
    
            if generic_setinputsizes:
                try:
                    dialect.do_set_input_sizes(
                        context.cursor, generic_setinputsizes, context
                    )
                except BaseException as e:
                    self._handle_dbapi_exception(
                        e, str(statement), parameters, None, context
                    )
    
        cursor, str_statement, parameters = (
            context.cursor,
            context.statement,
            context.parameters,
        )
    
        effective_parameters: Optional[_AnyExecuteParams]
    
        if not context.executemany:
            effective_parameters = parameters[0]
        else:
            effective_parameters = parameters
    
        if self._has_events or self.engine._has_events:
            for fn in self.dispatch.before_cursor_execute:
                str_statement, effective_parameters = fn(
                    self,
                    cursor,
                    str_statement,
                    effective_parameters,
                    context,
                    context.executemany,
                )
    
        if self._echo:
            self._log_info(str_statement)
    
            stats = context._get_cache_stats()
    
            if not self.engine.hide_parameters:
                self._log_info(
                    "[%s] %r",
                    stats,
                    sql_util._repr_params(
                        effective_parameters,
                        batches=10,
                        ismulti=context.executemany,
                    ),
                )
            else:
                self._log_info(
                    "[%s] [SQL parameters hidden due to hide_parameters=True]",
                    stats,
                )
    
        evt_handled: bool = False
        try:
            if context.execute_style is ExecuteStyle.EXECUTEMANY:
                effective_parameters = cast(
                    "_CoreMultiExecuteParams", effective_parameters
                )
                if self.dialect._has_events:
                    for fn in self.dialect.dispatch.do_executemany:
                        if fn(
                            cursor,
                            str_statement,
                            effective_parameters,
                            context,
                        ):
                            evt_handled = True
                            break
                if not evt_handled:
                    self.dialect.do_executemany(
                        cursor,
                        str_statement,
                        effective_parameters,
                        context,
                    )
            elif not effective_parameters and context.no_parameters:
                if self.dialect._has_events:
                    for fn in self.dialect.dispatch.do_execute_no_params:
                        if fn(cursor, str_statement, context):
                            evt_handled = True
                            break
                if not evt_handled:
                    self.dialect.do_execute_no_params(
                        cursor, str_statement, context
                    )
            else:
                effective_parameters = cast(
                    "_CoreSingleExecuteParams", effective_parameters
                )
                if self.dialect._has_events:
                    for fn in self.dialect.dispatch.do_execute:
                        if fn(
                            cursor,
                            str_statement,
                            effective_parameters,
                            context,
                        ):
                            evt_handled = True
                            break
                if not evt_handled:
>                   self.dialect.do_execute(
                        cursor, str_statement, effective_parameters, context
                    )

.venv\Lib\site-packages\sqlalchemy\engine\base.py:1967: 
_ _ _ _ _ _ _ _ _ _ _ _ _ _ _ _ _ _ _ _ _ _ _ _ _ _ _ _ _ _ _ _ _ _ _ _ _ _ _ _

self = <sqlalchemy.dialects.sqlite.pysqlite.SQLiteDialect_pysqlite object at 0x0000028C953C5BD0>
cursor = <sqlite3.Cursor object at 0x0000028C95A48E40>
statement = 'SELECT app_settings.id AS app_settings_id, app_settings.admin_pin_hash AS app_settings_admin_pin_hash, app_settings.c... app_settings.updated_at AS app_settings_updated_at \nFROM app_settings \nWHERE app_settings.id = ?\n LIMIT ? OFFSET ?'
parameters = (1, 1, 0)
context = <sqlalchemy.dialects.sqlite.base.SQLiteExecutionContext object at 0x0000028C95AD0650>

    def do_execute(self, cursor, statement, parameters, context=None):
>       cursor.execute(statement, parameters)
E       sqlite3.OperationalError: no such table: app_settings

.venv\Lib\site-packages\sqlalchemy\engine\default.py:952: OperationalError

The above exception was the direct cause of the following exception:

    @pytest.fixture(autouse=True)
    def setup_db():
        from backend.database import engine
        Base.metadata.create_all(bind=engine)
        db = TestingSessionLocal()
>       crud.seed_default_data(db)

backend\tests\test_functional.py:30: 
_ _ _ _ _ _ _ _ _ _ _ _ _ _ _ _ _ _ _ _ _ _ _ _ _ _ _ _ _ _ _ _ _ _ _ _ _ _ _ _
backend\crud.py:1025: in seed_default_data
    cfg = db.query(models.AppSettings).filter(models.AppSettings.id == 1).first()
          ^^^^^^^^^^^^^^^^^^^^^^^^^^^^^^^^^^^^^^^^^^^^^^^^^^^^^^^^^^^^^^^^^^^^^^^
.venv\Lib\site-packages\sqlalchemy\orm\query.py:2759: in first
    return self.limit(1)._iter().first()  # type: ignore
           ^^^^^^^^^^^^^^^^^^^^^
.venv\Lib\site-packages\sqlalchemy\orm\query.py:2857: in _iter
    result: Union[ScalarResult[_T], Result[_T]] = self.session.execute(
.venv\Lib\site-packages\sqlalchemy\orm\session.py:2351: in execute
    return self._execute_internal(
.venv\Lib\site-packages\sqlalchemy\orm\session.py:2249: in _execute_internal
    result: Result[Any] = compile_state_cls.orm_execute_statement(
.venv\Lib\site-packages\sqlalchemy\orm\context.py:306: in orm_execute_statement
    result = conn.execute(
.venv\Lib\site-packages\sqlalchemy\engine\base.py:1419: in execute
    return meth(
.venv\Lib\site-packages\sqlalchemy\sql\elements.py:527: in _execute_on_connection
    return connection._execute_clauseelement(
.venv\Lib\site-packages\sqlalchemy\engine\base.py:1641: in _execute_clauseelement
    ret = self._execute_context(
.venv\Lib\site-packages\sqlalchemy\engine\base.py:1846: in _execute_context
    return self._exec_single_context(
.venv\Lib\site-packages\sqlalchemy\engine\base.py:1986: in _exec_single_context
    self._handle_dbapi_exception(
.venv\Lib\site-packages\sqlalchemy\engine\base.py:2363: in _handle_dbapi_exception
    raise sqlalchemy_exception.with_traceback(exc_info[2]) from e
.venv\Lib\site-packages\sqlalchemy\engine\base.py:1967: in _exec_single_context
    self.dialect.do_execute(
_ _ _ _ _ _ _ _ _ _ _ _ _ _ _ _ _ _ _ _ _ _ _ _ _ _ _ _ _ _ _ _ _ _ _ _ _ _ _ _

self = <sqlalchemy.dialects.sqlite.pysqlite.SQLiteDialect_pysqlite object at 0x0000028C953C5BD0>
cursor = <sqlite3.Cursor object at 0x0000028C95A48E40>
statement = 'SELECT app_settings.id AS app_settings_id, app_settings.admin_pin_hash AS app_settings_admin_pin_hash, app_settings.c... app_settings.updated_at AS app_settings_updated_at \nFROM app_settings \nWHERE app_settings.id = ?\n LIMIT ? OFFSET ?'
parameters = (1, 1, 0)
context = <sqlalchemy.dialects.sqlite.base.SQLiteExecutionContext object at 0x0000028C95AD0650>

    def do_execute(self, cursor, statement, parameters, context=None):
>       cursor.execute(statement, parameters)
E       sqlalchemy.exc.OperationalError: (sqlite3.OperationalError) no such table: app_settings
E       [SQL: SELECT app_settings.id AS app_settings_id, app_settings.admin_pin_hash AS app_settings_admin_pin_hash, app_settings.currency_symbol AS app_settings_currency_symbol, app_settings.app_name AS app_settings_app_name, app_settings.streak_bonus_days AS app_settings_streak_bonus_days, app_settings.streak_bonus_pct AS app_settings_streak_bonus_pct, app_settings.updated_at AS app_settings_updated_at 
E       FROM app_settings 
E       WHERE app_settings.id = ?
E        LIMIT ? OFFSET ?]
E       [parameters: (1, 1, 0)]
E       (Background on this error at: https://sqlalche.me/e/20/e3q8)

.venv\Lib\site-packages\sqlalchemy\engine\default.py:952: OperationalError
---------------------------- Captured stdout setup ----------------------------
2026-03-15 13:18:39,955 INFO sqlalchemy.engine.Engine BEGIN (implicit)
2026-03-15 13:18:39,956 INFO sqlalchemy.engine.Engine PRAGMA main.table_info("app_settings")
2026-03-15 13:18:39,956 INFO sqlalchemy.engine.Engine [raw sql] ()
2026-03-15 13:18:39,956 INFO sqlalchemy.engine.Engine PRAGMA main.table_info("profiles")
2026-03-15 13:18:39,957 INFO sqlalchemy.engine.Engine [raw sql] ()
2026-03-15 13:18:39,957 INFO sqlalchemy.engine.Engine PRAGMA main.table_info("habit_templates")
2026-03-15 13:18:39,957 INFO sqlalchemy.engine.Engine [raw sql] ()
2026-03-15 13:18:39,958 INFO sqlalchemy.engine.Engine PRAGMA main.table_info("micro_habits")
2026-03-15 13:18:39,959 INFO sqlalchemy.engine.Engine [raw sql] ()
2026-03-15 13:18:39,959 INFO sqlalchemy.engine.Engine PRAGMA main.table_info("reward_tiers")
2026-03-15 13:18:39,959 INFO sqlalchemy.engine.Engine [raw sql] ()
2026-03-15 13:18:39,960 INFO sqlalchemy.engine.Engine PRAGMA main.table_info("day_logs")
2026-03-15 13:18:39,960 INFO sqlalchemy.engine.Engine [raw sql] ()
2026-03-15 13:18:39,960 INFO sqlalchemy.engine.Engine PRAGMA main.table_info("habit_entries")
2026-03-15 13:18:39,960 INFO sqlalchemy.engine.Engine [raw sql] ()
2026-03-15 13:18:39,960 INFO sqlalchemy.engine.Engine PRAGMA main.table_info("week_rewards")
2026-03-15 13:18:39,961 INFO sqlalchemy.engine.Engine [raw sql] ()
2026-03-15 13:18:39,961 INFO sqlalchemy.engine.Engine PRAGMA main.table_info("month_rewards")
2026-03-15 13:18:39,961 INFO sqlalchemy.engine.Engine [raw sql] ()
2026-03-15 13:18:39,962 INFO sqlalchemy.engine.Engine COMMIT
----------------------------- Captured log setup ------------------------------
INFO     sqlalchemy.engine.Engine:base.py:2710 BEGIN (implicit)
INFO     sqlalchemy.engine.Engine:base.py:1846 PRAGMA main.table_info("app_settings")
INFO     sqlalchemy.engine.Engine:base.py:1846 [raw sql] ()
INFO     sqlalchemy.engine.Engine:base.py:1846 PRAGMA main.table_info("profiles")
INFO     sqlalchemy.engine.Engine:base.py:1846 [raw sql] ()
INFO     sqlalchemy.engine.Engine:base.py:1846 PRAGMA main.table_info("habit_templates")
INFO     sqlalchemy.engine.Engine:base.py:1846 [raw sql] ()
INFO     sqlalchemy.engine.Engine:base.py:1846 PRAGMA main.table_info("micro_habits")
INFO     sqlalchemy.engine.Engine:base.py:1846 [raw sql] ()
INFO     sqlalchemy.engine.Engine:base.py:1846 PRAGMA main.table_info("reward_tiers")
INFO     sqlalchemy.engine.Engine:base.py:1846 [raw sql] ()
INFO     sqlalchemy.engine.Engine:base.py:1846 PRAGMA main.table_info("day_logs")
INFO     sqlalchemy.engine.Engine:base.py:1846 [raw sql] ()
INFO     sqlalchemy.engine.Engine:base.py:1846 PRAGMA main.table_info("habit_entries")
INFO     sqlalchemy.engine.Engine:base.py:1846 [raw sql] ()
INFO     sqlalchemy.engine.Engine:base.py:1846 PRAGMA main.table_info("week_rewards")
INFO     sqlalchemy.engine.Engine:base.py:1846 [raw sql] ()
INFO     sqlalchemy.engine.Engine:base.py:1846 PRAGMA main.table_info("month_rewards")
INFO     sqlalchemy.engine.Engine:base.py:1846 [raw sql] ()
INFO     sqlalchemy.engine.Engine:base.py:2716 COMMIT
______________________ ERROR at setup of test_login_flow ______________________

self = <sqlalchemy.engine.base.Connection object at 0x0000028C95AB0DD0>
dialect = <sqlalchemy.dialects.sqlite.pysqlite.SQLiteDialect_pysqlite object at 0x0000028C953C5BD0>
context = <sqlalchemy.dialects.sqlite.base.SQLiteExecutionContext object at 0x0000028C95AAFF20>
statement = <sqlalchemy.dialects.sqlite.base.SQLiteCompiler object at 0x0000028C959FFCB0>
parameters = [(1, 1, 0)]

    def _exec_single_context(
        self,
        dialect: Dialect,
        context: ExecutionContext,
        statement: Union[str, Compiled],
        parameters: Optional[_AnyMultiExecuteParams],
    ) -> CursorResult[Any]:
        """continue the _execute_context() method for a single DBAPI
        cursor.execute() or cursor.executemany() call.
    
        """
        if dialect.bind_typing is BindTyping.SETINPUTSIZES:
            generic_setinputsizes = context._prepare_set_input_sizes()
    
            if generic_setinputsizes:
                try:
                    dialect.do_set_input_sizes(
                        context.cursor, generic_setinputsizes, context
                    )
                except BaseException as e:
                    self._handle_dbapi_exception(
                        e, str(statement), parameters, None, context
                    )
    
        cursor, str_statement, parameters = (
            context.cursor,
            context.statement,
            context.parameters,
        )
    
        effective_parameters: Optional[_AnyExecuteParams]
    
        if not context.executemany:
            effective_parameters = parameters[0]
        else:
            effective_parameters = parameters
    
        if self._has_events or self.engine._has_events:
            for fn in self.dispatch.before_cursor_execute:
                str_statement, effective_parameters = fn(
                    self,
                    cursor,
                    str_statement,
                    effective_parameters,
                    context,
                    context.executemany,
                )
    
        if self._echo:
            self._log_info(str_statement)
    
            stats = context._get_cache_stats()
    
            if not self.engine.hide_parameters:
                self._log_info(
                    "[%s] %r",
                    stats,
                    sql_util._repr_params(
                        effective_parameters,
                        batches=10,
                        ismulti=context.executemany,
                    ),
                )
            else:
                self._log_info(
                    "[%s] [SQL parameters hidden due to hide_parameters=True]",
                    stats,
                )
    
        evt_handled: bool = False
        try:
            if context.execute_style is ExecuteStyle.EXECUTEMANY:
                effective_parameters = cast(
                    "_CoreMultiExecuteParams", effective_parameters
                )
                if self.dialect._has_events:
                    for fn in self.dialect.dispatch.do_executemany:
                        if fn(
                            cursor,
                            str_statement,
                            effective_parameters,
                            context,
                        ):
                            evt_handled = True
                            break
                if not evt_handled:
                    self.dialect.do_executemany(
                        cursor,
                        str_statement,
                        effective_parameters,
                        context,
                    )
            elif not effective_parameters and context.no_parameters:
                if self.dialect._has_events:
                    for fn in self.dialect.dispatch.do_execute_no_params:
                        if fn(cursor, str_statement, context):
                            evt_handled = True
                            break
                if not evt_handled:
                    self.dialect.do_execute_no_params(
                        cursor, str_statement, context
                    )
            else:
                effective_parameters = cast(
                    "_CoreSingleExecuteParams", effective_parameters
                )
                if self.dialect._has_events:
                    for fn in self.dialect.dispatch.do_execute:
                        if fn(
                            cursor,
                            str_statement,
                            effective_parameters,
                            context,
                        ):
                            evt_handled = True
                            break
                if not evt_handled:
>                   self.dialect.do_execute(
                        cursor, str_statement, effective_parameters, context
                    )

.venv\Lib\site-packages\sqlalchemy\engine\base.py:1967: 
_ _ _ _ _ _ _ _ _ _ _ _ _ _ _ _ _ _ _ _ _ _ _ _ _ _ _ _ _ _ _ _ _ _ _ _ _ _ _ _

self = <sqlalchemy.dialects.sqlite.pysqlite.SQLiteDialect_pysqlite object at 0x0000028C953C5BD0>
cursor = <sqlite3.Cursor object at 0x0000028C969A65C0>
statement = 'SELECT app_settings.id AS app_settings_id, app_settings.admin_pin_hash AS app_settings_admin_pin_hash, app_settings.c... app_settings.updated_at AS app_settings_updated_at \nFROM app_settings \nWHERE app_settings.id = ?\n LIMIT ? OFFSET ?'
parameters = (1, 1, 0)
context = <sqlalchemy.dialects.sqlite.base.SQLiteExecutionContext object at 0x0000028C95AAFF20>

    def do_execute(self, cursor, statement, parameters, context=None):
>       cursor.execute(statement, parameters)
E       sqlite3.OperationalError: no such table: app_settings

.venv\Lib\site-packages\sqlalchemy\engine\default.py:952: OperationalError

The above exception was the direct cause of the following exception:

    @pytest.fixture(autouse=True)
    def setup_db():
        from backend.database import engine
        Base.metadata.create_all(bind=engine)
        db = TestingSessionLocal()
>       crud.seed_default_data(db)

backend\tests\test_functional.py:30: 
_ _ _ _ _ _ _ _ _ _ _ _ _ _ _ _ _ _ _ _ _ _ _ _ _ _ _ _ _ _ _ _ _ _ _ _ _ _ _ _
backend\crud.py:1025: in seed_default_data
    cfg = db.query(models.AppSettings).filter(models.AppSettings.id == 1).first()
          ^^^^^^^^^^^^^^^^^^^^^^^^^^^^^^^^^^^^^^^^^^^^^^^^^^^^^^^^^^^^^^^^^^^^^^^
.venv\Lib\site-packages\sqlalchemy\orm\query.py:2759: in first
    return self.limit(1)._iter().first()  # type: ignore
           ^^^^^^^^^^^^^^^^^^^^^
.venv\Lib\site-packages\sqlalchemy\orm\query.py:2857: in _iter
    result: Union[ScalarResult[_T], Result[_T]] = self.session.execute(
.venv\Lib\site-packages\sqlalchemy\orm\session.py:2351: in execute
    return self._execute_internal(
.venv\Lib\site-packages\sqlalchemy\orm\session.py:2249: in _execute_internal
    result: Result[Any] = compile_state_cls.orm_execute_statement(
.venv\Lib\site-packages\sqlalchemy\orm\context.py:306: in orm_execute_statement
    result = conn.execute(
.venv\Lib\site-packages\sqlalchemy\engine\base.py:1419: in execute
    return meth(
.venv\Lib\site-packages\sqlalchemy\sql\elements.py:527: in _execute_on_connection
    return connection._execute_clauseelement(
.venv\Lib\site-packages\sqlalchemy\engine\base.py:1641: in _execute_clauseelement
    ret = self._execute_context(
.venv\Lib\site-packages\sqlalchemy\engine\base.py:1846: in _execute_context
    return self._exec_single_context(
.venv\Lib\site-packages\sqlalchemy\engine\base.py:1986: in _exec_single_context
    self._handle_dbapi_exception(
.venv\Lib\site-packages\sqlalchemy\engine\base.py:2363: in _handle_dbapi_exception
    raise sqlalchemy_exception.with_traceback(exc_info[2]) from e
.venv\Lib\site-packages\sqlalchemy\engine\base.py:1967: in _exec_single_context
    self.dialect.do_execute(
_ _ _ _ _ _ _ _ _ _ _ _ _ _ _ _ _ _ _ _ _ _ _ _ _ _ _ _ _ _ _ _ _ _ _ _ _ _ _ _

self = <sqlalchemy.dialects.sqlite.pysqlite.SQLiteDialect_pysqlite object at 0x0000028C953C5BD0>
cursor = <sqlite3.Cursor object at 0x0000028C969A65C0>
statement = 'SELECT app_settings.id AS app_settings_id, app_settings.admin_pin_hash AS app_settings_admin_pin_hash, app_settings.c... app_settings.updated_at AS app_settings_updated_at \nFROM app_settings \nWHERE app_settings.id = ?\n LIMIT ? OFFSET ?'
parameters = (1, 1, 0)
context = <sqlalchemy.dialects.sqlite.base.SQLiteExecutionContext object at 0x0000028C95AAFF20>

    def do_execute(self, cursor, statement, parameters, context=None):
>       cursor.execute(statement, parameters)
E       sqlalchemy.exc.OperationalError: (sqlite3.OperationalError) no such table: app_settings
E       [SQL: SELECT app_settings.id AS app_settings_id, app_settings.admin_pin_hash AS app_settings_admin_pin_hash, app_settings.currency_symbol AS app_settings_currency_symbol, app_settings.app_name AS app_settings_app_name, app_settings.streak_bonus_days AS app_settings_streak_bonus_days, app_settings.streak_bonus_pct AS app_settings_streak_bonus_pct, app_settings.updated_at AS app_settings_updated_at 
E       FROM app_settings 
E       WHERE app_settings.id = ?
E        LIMIT ? OFFSET ?]
E       [parameters: (1, 1, 0)]
E       (Background on this error at: https://sqlalche.me/e/20/e3q8)

.venv\Lib\site-packages\sqlalchemy\engine\default.py:952: OperationalError
---------------------------- Captured stdout setup ----------------------------
2026-03-15 13:18:40,879 INFO sqlalchemy.engine.Engine BEGIN (implicit)
2026-03-15 13:18:40,879 INFO sqlalchemy.engine.Engine PRAGMA main.table_info("app_settings")
2026-03-15 13:18:40,879 INFO sqlalchemy.engine.Engine [raw sql] ()
2026-03-15 13:18:40,880 INFO sqlalchemy.engine.Engine PRAGMA main.table_info("profiles")
2026-03-15 13:18:40,880 INFO sqlalchemy.engine.Engine [raw sql] ()
2026-03-15 13:18:40,880 INFO sqlalchemy.engine.Engine PRAGMA main.table_info("habit_templates")
2026-03-15 13:18:40,880 INFO sqlalchemy.engine.Engine [raw sql] ()
2026-03-15 13:18:40,880 INFO sqlalchemy.engine.Engine PRAGMA main.table_info("micro_habits")
2026-03-15 13:18:40,881 INFO sqlalchemy.engine.Engine [raw sql] ()
2026-03-15 13:18:40,881 INFO sqlalchemy.engine.Engine PRAGMA main.table_info("reward_tiers")
2026-03-15 13:18:40,881 INFO sqlalchemy.engine.Engine [raw sql] ()
2026-03-15 13:18:40,882 INFO sqlalchemy.engine.Engine PRAGMA main.table_info("day_logs")
2026-03-15 13:18:40,882 INFO sqlalchemy.engine.Engine [raw sql] ()
2026-03-15 13:18:40,882 INFO sqlalchemy.engine.Engine PRAGMA main.table_info("habit_entries")
2026-03-15 13:18:40,883 INFO sqlalchemy.engine.Engine [raw sql] ()
2026-03-15 13:18:40,883 INFO sqlalchemy.engine.Engine PRAGMA main.table_info("week_rewards")
2026-03-15 13:18:40,883 INFO sqlalchemy.engine.Engine [raw sql] ()
2026-03-15 13:18:40,884 INFO sqlalchemy.engine.Engine PRAGMA main.table_info("month_rewards")
2026-03-15 13:18:40,884 INFO sqlalchemy.engine.Engine [raw sql] ()
2026-03-15 13:18:40,885 INFO sqlalchemy.engine.Engine COMMIT
----------------------------- Captured log setup ------------------------------
INFO     sqlalchemy.engine.Engine:base.py:2710 BEGIN (implicit)
INFO     sqlalchemy.engine.Engine:base.py:1846 PRAGMA main.table_info("app_settings")
INFO     sqlalchemy.engine.Engine:base.py:1846 [raw sql] ()
INFO     sqlalchemy.engine.Engine:base.py:1846 PRAGMA main.table_info("profiles")
INFO     sqlalchemy.engine.Engine:base.py:1846 [raw sql] ()
INFO     sqlalchemy.engine.Engine:base.py:1846 PRAGMA main.table_info("habit_templates")
INFO     sqlalchemy.engine.Engine:base.py:1846 [raw sql] ()
INFO     sqlalchemy.engine.Engine:base.py:1846 PRAGMA main.table_info("micro_habits")
INFO     sqlalchemy.engine.Engine:base.py:1846 [raw sql] ()
INFO     sqlalchemy.engine.Engine:base.py:1846 PRAGMA main.table_info("reward_tiers")
INFO     sqlalchemy.engine.Engine:base.py:1846 [raw sql] ()
INFO     sqlalchemy.engine.Engine:base.py:1846 PRAGMA main.table_info("day_logs")
INFO     sqlalchemy.engine.Engine:base.py:1846 [raw sql] ()
INFO     sqlalchemy.engine.Engine:base.py:1846 PRAGMA main.table_info("habit_entries")
INFO     sqlalchemy.engine.Engine:base.py:1846 [raw sql] ()
INFO     sqlalchemy.engine.Engine:base.py:1846 PRAGMA main.table_info("week_rewards")
INFO     sqlalchemy.engine.Engine:base.py:1846 [raw sql] ()
INFO     sqlalchemy.engine.Engine:base.py:1846 PRAGMA main.table_info("month_rewards")
INFO     sqlalchemy.engine.Engine:base.py:1846 [raw sql] ()
INFO     sqlalchemy.engine.Engine:base.py:2716 COMMIT
____________________ ERROR at setup of test_fetch_profiles ____________________

self = <sqlalchemy.engine.base.Connection object at 0x0000028C95AF3790>
dialect = <sqlalchemy.dialects.sqlite.pysqlite.SQLiteDialect_pysqlite object at 0x0000028C953C5BD0>
context = <sqlalchemy.dialects.sqlite.base.SQLiteExecutionContext object at 0x0000028C97BBC500>
statement = <sqlalchemy.dialects.sqlite.base.SQLiteCompiler object at 0x0000028C959FFCB0>
parameters = [(1, 1, 0)]

    def _exec_single_context(
        self,
        dialect: Dialect,
        context: ExecutionContext,
        statement: Union[str, Compiled],
        parameters: Optional[_AnyMultiExecuteParams],
    ) -> CursorResult[Any]:
        """continue the _execute_context() method for a single DBAPI
        cursor.execute() or cursor.executemany() call.
    
        """
        if dialect.bind_typing is BindTyping.SETINPUTSIZES:
            generic_setinputsizes = context._prepare_set_input_sizes()
    
            if generic_setinputsizes:
                try:
                    dialect.do_set_input_sizes(
                        context.cursor, generic_setinputsizes, context
                    )
                except BaseException as e:
                    self._handle_dbapi_exception(
                        e, str(statement), parameters, None, context
                    )
    
        cursor, str_statement, parameters = (
            context.cursor,
            context.statement,
            context.parameters,
        )
    
        effective_parameters: Optional[_AnyExecuteParams]
    
        if not context.executemany:
            effective_parameters = parameters[0]
        else:
            effective_parameters = parameters
    
        if self._has_events or self.engine._has_events:
            for fn in self.dispatch.before_cursor_execute:
                str_statement, effective_parameters = fn(
                    self,
                    cursor,
                    str_statement,
                    effective_parameters,
                    context,
                    context.executemany,
                )
    
        if self._echo:
            self._log_info(str_statement)
    
            stats = context._get_cache_stats()
    
            if not self.engine.hide_parameters:
                self._log_info(
                    "[%s] %r",
                    stats,
                    sql_util._repr_params(
                        effective_parameters,
                        batches=10,
                        ismulti=context.executemany,
                    ),
                )
            else:
                self._log_info(
                    "[%s] [SQL parameters hidden due to hide_parameters=True]",
                    stats,
                )
    
        evt_handled: bool = False
        try:
            if context.execute_style is ExecuteStyle.EXECUTEMANY:
                effective_parameters = cast(
                    "_CoreMultiExecuteParams", effective_parameters
                )
                if self.dialect._has_events:
                    for fn in self.dialect.dispatch.do_executemany:
                        if fn(
                            cursor,
                            str_statement,
                            effective_parameters,
                            context,
                        ):
                            evt_handled = True
                            break
                if not evt_handled:
                    self.dialect.do_executemany(
                        cursor,
                        str_statement,
                        effective_parameters,
                        context,
                    )
            elif not effective_parameters and context.no_parameters:
                if self.dialect._has_events:
                    for fn in self.dialect.dispatch.do_execute_no_params:
                        if fn(cursor, str_statement, context):
                            evt_handled = True
                            break
                if not evt_handled:
                    self.dialect.do_execute_no_params(
                        cursor, str_statement, context
                    )
            else:
                effective_parameters = cast(
                    "_CoreSingleExecuteParams", effective_parameters
                )
                if self.dialect._has_events:
                    for fn in self.dialect.dispatch.do_execute:
                        if fn(
                            cursor,
                            str_statement,
                            effective_parameters,
                            context,
                        ):
                            evt_handled = True
                            break
                if not evt_handled:
>                   self.dialect.do_execute(
                        cursor, str_statement, effective_parameters, context
                    )

.venv\Lib\site-packages\sqlalchemy\engine\base.py:1967: 
_ _ _ _ _ _ _ _ _ _ _ _ _ _ _ _ _ _ _ _ _ _ _ _ _ _ _ _ _ _ _ _ _ _ _ _ _ _ _ _

self = <sqlalchemy.dialects.sqlite.pysqlite.SQLiteDialect_pysqlite object at 0x0000028C953C5BD0>
cursor = <sqlite3.Cursor object at 0x0000028C95A4BEC0>
statement = 'SELECT app_settings.id AS app_settings_id, app_settings.admin_pin_hash AS app_settings_admin_pin_hash, app_settings.c... app_settings.updated_at AS app_settings_updated_at \nFROM app_settings \nWHERE app_settings.id = ?\n LIMIT ? OFFSET ?'
parameters = (1, 1, 0)
context = <sqlalchemy.dialects.sqlite.base.SQLiteExecutionContext object at 0x0000028C97BBC500>

    def do_execute(self, cursor, statement, parameters, context=None):
>       cursor.execute(statement, parameters)
E       sqlite3.OperationalError: no such table: app_settings

.venv\Lib\site-packages\sqlalchemy\engine\default.py:952: OperationalError

The above exception was the direct cause of the following exception:

    @pytest.fixture(autouse=True)
    def setup_db():
        from backend.database import engine
        Base.metadata.create_all(bind=engine)
        db = TestingSessionLocal()
>       crud.seed_default_data(db)

backend\tests\test_functional.py:30: 
_ _ _ _ _ _ _ _ _ _ _ _ _ _ _ _ _ _ _ _ _ _ _ _ _ _ _ _ _ _ _ _ _ _ _ _ _ _ _ _
backend\crud.py:1025: in seed_default_data
    cfg = db.query(models.AppSettings).filter(models.AppSettings.id == 1).first()
          ^^^^^^^^^^^^^^^^^^^^^^^^^^^^^^^^^^^^^^^^^^^^^^^^^^^^^^^^^^^^^^^^^^^^^^^
.venv\Lib\site-packages\sqlalchemy\orm\query.py:2759: in first
    return self.limit(1)._iter().first()  # type: ignore
           ^^^^^^^^^^^^^^^^^^^^^
.venv\Lib\site-packages\sqlalchemy\orm\query.py:2857: in _iter
    result: Union[ScalarResult[_T], Result[_T]] = self.session.execute(
.venv\Lib\site-packages\sqlalchemy\orm\session.py:2351: in execute
    return self._execute_internal(
.venv\Lib\site-packages\sqlalchemy\orm\session.py:2249: in _execute_internal
    result: Result[Any] = compile_state_cls.orm_execute_statement(
.venv\Lib\site-packages\sqlalchemy\orm\context.py:306: in orm_execute_statement
    result = conn.execute(
.venv\Lib\site-packages\sqlalchemy\engine\base.py:1419: in execute
    return meth(
.venv\Lib\site-packages\sqlalchemy\sql\elements.py:527: in _execute_on_connection
    return connection._execute_clauseelement(
.venv\Lib\site-packages\sqlalchemy\engine\base.py:1641: in _execute_clauseelement
    ret = self._execute_context(
.venv\Lib\site-packages\sqlalchemy\engine\base.py:1846: in _execute_context
    return self._exec_single_context(
.venv\Lib\site-packages\sqlalchemy\engine\base.py:1986: in _exec_single_context
    self._handle_dbapi_exception(
.venv\Lib\site-packages\sqlalchemy\engine\base.py:2363: in _handle_dbapi_exception
    raise sqlalchemy_exception.with_traceback(exc_info[2]) from e
.venv\Lib\site-packages\sqlalchemy\engine\base.py:1967: in _exec_single_context
    self.dialect.do_execute(
_ _ _ _ _ _ _ _ _ _ _ _ _ _ _ _ _ _ _ _ _ _ _ _ _ _ _ _ _ _ _ _ _ _ _ _ _ _ _ _

self = <sqlalchemy.dialects.sqlite.pysqlite.SQLiteDialect_pysqlite object at 0x0000028C953C5BD0>
cursor = <sqlite3.Cursor object at 0x0000028C95A4BEC0>
statement = 'SELECT app_settings.id AS app_settings_id, app_settings.admin_pin_hash AS app_settings_admin_pin_hash, app_settings.c... app_settings.updated_at AS app_settings_updated_at \nFROM app_settings \nWHERE app_settings.id = ?\n LIMIT ? OFFSET ?'
parameters = (1, 1, 0)
context = <sqlalchemy.dialects.sqlite.base.SQLiteExecutionContext object at 0x0000028C97BBC500>

    def do_execute(self, cursor, statement, parameters, context=None):
>       cursor.execute(statement, parameters)
E       sqlalchemy.exc.OperationalError: (sqlite3.OperationalError) no such table: app_settings
E       [SQL: SELECT app_settings.id AS app_settings_id, app_settings.admin_pin_hash AS app_settings_admin_pin_hash, app_settings.currency_symbol AS app_settings_currency_symbol, app_settings.app_name AS app_settings_app_name, app_settings.streak_bonus_days AS app_settings_streak_bonus_days, app_settings.streak_bonus_pct AS app_settings_streak_bonus_pct, app_settings.updated_at AS app_settings_updated_at 
E       FROM app_settings 
E       WHERE app_settings.id = ?
E        LIMIT ? OFFSET ?]
E       [parameters: (1, 1, 0)]
E       (Background on this error at: https://sqlalche.me/e/20/e3q8)

.venv\Lib\site-packages\sqlalchemy\engine\default.py:952: OperationalError
---------------------------- Captured stdout setup ----------------------------
2026-03-15 13:18:41,554 INFO sqlalchemy.engine.Engine BEGIN (implicit)
2026-03-15 13:18:41,555 INFO sqlalchemy.engine.Engine PRAGMA main.table_info("app_settings")
2026-03-15 13:18:41,555 INFO sqlalchemy.engine.Engine [raw sql] ()
2026-03-15 13:18:41,555 INFO sqlalchemy.engine.Engine PRAGMA main.table_info("profiles")
2026-03-15 13:18:41,555 INFO sqlalchemy.engine.Engine [raw sql] ()
2026-03-15 13:18:41,556 INFO sqlalchemy.engine.Engine PRAGMA main.table_info("habit_templates")
2026-03-15 13:18:41,556 INFO sqlalchemy.engine.Engine [raw sql] ()
2026-03-15 13:18:41,556 INFO sqlalchemy.engine.Engine PRAGMA main.table_info("micro_habits")
2026-03-15 13:18:41,556 INFO sqlalchemy.engine.Engine [raw sql] ()
2026-03-15 13:18:41,556 INFO sqlalchemy.engine.Engine PRAGMA main.table_info("reward_tiers")
2026-03-15 13:18:41,556 INFO sqlalchemy.engine.Engine [raw sql] ()
2026-03-15 13:18:41,557 INFO sqlalchemy.engine.Engine PRAGMA main.table_info("day_logs")
2026-03-15 13:18:41,557 INFO sqlalchemy.engine.Engine [raw sql] ()
2026-03-15 13:18:41,557 INFO sqlalchemy.engine.Engine PRAGMA main.table_info("habit_entries")
2026-03-15 13:18:41,557 INFO sqlalchemy.engine.Engine [raw sql] ()
2026-03-15 13:18:41,557 INFO sqlalchemy.engine.Engine PRAGMA main.table_info("week_rewards")
2026-03-15 13:18:41,558 INFO sqlalchemy.engine.Engine [raw sql] ()
2026-03-15 13:18:41,558 INFO sqlalchemy.engine.Engine PRAGMA main.table_info("month_rewards")
2026-03-15 13:18:41,558 INFO sqlalchemy.engine.Engine [raw sql] ()
2026-03-15 13:18:41,558 INFO sqlalchemy.engine.Engine COMMIT
----------------------------- Captured log setup ------------------------------
INFO     sqlalchemy.engine.Engine:base.py:2710 BEGIN (implicit)
INFO     sqlalchemy.engine.Engine:base.py:1846 PRAGMA main.table_info("app_settings")
INFO     sqlalchemy.engine.Engine:base.py:1846 [raw sql] ()
INFO     sqlalchemy.engine.Engine:base.py:1846 PRAGMA main.table_info("profiles")
INFO     sqlalchemy.engine.Engine:base.py:1846 [raw sql] ()
INFO     sqlalchemy.engine.Engine:base.py:1846 PRAGMA main.table_info("habit_templates")
INFO     sqlalchemy.engine.Engine:base.py:1846 [raw sql] ()
INFO     sqlalchemy.engine.Engine:base.py:1846 PRAGMA main.table_info("micro_habits")
INFO     sqlalchemy.engine.Engine:base.py:1846 [raw sql] ()
INFO     sqlalchemy.engine.Engine:base.py:1846 PRAGMA main.table_info("reward_tiers")
INFO     sqlalchemy.engine.Engine:base.py:1846 [raw sql] ()
INFO     sqlalchemy.engine.Engine:base.py:1846 PRAGMA main.table_info("day_logs")
INFO     sqlalchemy.engine.Engine:base.py:1846 [raw sql] ()
INFO     sqlalchemy.engine.Engine:base.py:1846 PRAGMA main.table_info("habit_entries")
INFO     sqlalchemy.engine.Engine:base.py:1846 [raw sql] ()
INFO     sqlalchemy.engine.Engine:base.py:1846 PRAGMA main.table_info("week_rewards")
INFO     sqlalchemy.engine.Engine:base.py:1846 [raw sql] ()
INFO     sqlalchemy.engine.Engine:base.py:1846 PRAGMA main.table_info("month_rewards")
INFO     sqlalchemy.engine.Engine:base.py:1846 [raw sql] ()
INFO     sqlalchemy.engine.Engine:base.py:2716 COMMIT
=========================== short test summary info ===========================
ERROR backend/tests/test_functional.py::test_public_health - sqlalchemy.exc.O...
ERROR backend/tests/test_functional.py::test_login_flow - sqlalchemy.exc.Oper...
ERROR backend/tests/test_functional.py::test_fetch_profiles - sqlalchemy.exc....
========================= 3 passed, 3 errors in 4.11s =========================
